Checking whether the ASM compiler is GNU using "--version" did not match "(GNU assembler)|(GCC)|(Free Software Foundation)":
emcc (Emscripten gcc/clang-like replacement + linker emulating GNU ld) 3.1.28 (f11d6196dd4e8748a726f19895c859b40ff6a4f3)
Copyright (C) 2014 the Emscripten authors (see AUTHORS.txt)
This is free and open source software under the MIT license.
There is NO warranty; not even for MERCHANTABILITY or FITNESS FOR A PARTICULAR PURPOSE.

Checking whether the ASM compiler is Clang using "--version" did not match "(clang version)":
emcc (Emscripten gcc/clang-like replacement + linker emulating GNU ld) 3.1.28 (f11d6196dd4e8748a726f19895c859b40ff6a4f3)
Copyright (C) 2014 the Emscripten authors (see AUTHORS.txt)
This is free and open source software under the MIT license.
There is NO warranty; not even for MERCHANTABILITY or FITNESS FOR A PARTICULAR PURPOSE.

Checking whether the ASM compiler is AppleClang using "--version" did not match "(Apple LLVM version)":
emcc (Emscripten gcc/clang-like replacement + linker emulating GNU ld) 3.1.28 (f11d6196dd4e8748a726f19895c859b40ff6a4f3)
Copyright (C) 2014 the Emscripten authors (see AUTHORS.txt)
This is free and open source software under the MIT license.
There is NO warranty; not even for MERCHANTABILITY or FITNESS FOR A PARTICULAR PURPOSE.

Checking whether the ASM compiler is ARMClang using "--version" did not match "armclang":
emcc (Emscripten gcc/clang-like replacement + linker emulating GNU ld) 3.1.28 (f11d6196dd4e8748a726f19895c859b40ff6a4f3)
Copyright (C) 2014 the Emscripten authors (see AUTHORS.txt)
This is free and open source software under the MIT license.
There is NO warranty; not even for MERCHANTABILITY or FITNESS FOR A PARTICULAR PURPOSE.

Checking whether the ASM compiler is HP using "-V" did not match "HP C":
emcc: error: no input files
Checking whether the ASM compiler is Intel using "--version" did not match "(ICC)":
emcc (Emscripten gcc/clang-like replacement + linker emulating GNU ld) 3.1.28 (f11d6196dd4e8748a726f19895c859b40ff6a4f3)
Copyright (C) 2014 the Emscripten authors (see AUTHORS.txt)
This is free and open source software under the MIT license.
There is NO warranty; not even for MERCHANTABILITY or FITNESS FOR A PARTICULAR PURPOSE.

Checking whether the ASM compiler is SunPro using "-V" did not match "Sun C":
emcc: error: no input files
Checking whether the ASM compiler is XL using "-qversion" did not match "XL C":
emcc: error: no input files
Checking whether the ASM compiler is MSVC using "-?" did not match "Microsoft":
emcc: error: no input files
Checking whether the ASM compiler is TI using "-h" did not match "Texas Instruments":
emcc: error: no input files
Checking whether the ASM compiler is IAR using "" did not match "IAR Assembler":
emcc: error: no input files
Checking whether the ASM compiler is ARMCC using "" did not match "(ARM Compiler)|(ARM Assembler)":
emcc: error: no input files
Checking whether the ASM compiler is NASM using "-v" did not match "(NASM version)":
emcc (Emscripten gcc/clang-like replacement + linker emulating GNU ld) 3.1.28 (f11d6196dd4e8748a726f19895c859b40ff6a4f3)
clang version 16.0.0 (https://github.com/llvm/llvm-project ea4be70cea8509520db8638bb17bcd7b5d8d60ac)
Target: wasm32-unknown-emscripten
Thread model: posix
InstalledDir: /workspaces/test/emsdk/upstream/bin
Checking whether the ASM compiler is YASM using "--version" did not match "(yasm)":
emcc (Emscripten gcc/clang-like replacement + linker emulating GNU ld) 3.1.28 (f11d6196dd4e8748a726f19895c859b40ff6a4f3)
Copyright (C) 2014 the Emscripten authors (see AUTHORS.txt)
This is free and open source software under the MIT license.
There is NO warranty; not even for MERCHANTABILITY or FITNESS FOR A PARTICULAR PURPOSE.

Checking whether the ASM compiler is ADSP using "-version" did not match "Analog Devices":
emcc: error: no input files
Checking whether the ASM compiler is QCC using "-V" did not match "gcc_nto":
emcc: error: no input files
